<?xml version="1.0" encoding="UTF-8" ?>
<testsuite failures="0" time="13.047" errors="0" skipped="0" tests="4" name="InjectedTest">
  <properties>
    <property name="java.runtime.name" value="Java(TM) SE Runtime Environment"/>
    <property name="sun.boot.library.path" value="/System/Library/Frameworks/JavaVM.framework/Versions/1.6.0/Libraries"/>
    <property name="java.vm.version" value="16.3-b01-279"/>
    <property name="awt.nativeDoubleBuffering" value="true"/>
    <property name="gopherProxySet" value="false"/>
    <property name="mrj.build" value="10M3065"/>
    <property name="java.vm.vendor" value="Apple Inc."/>
    <property name="java.vendor.url" value="http://www.apple.com/"/>
    <property name="path.separator" value=":"/>
    <property name="java.vm.name" value="Java HotSpot(TM) 64-Bit Server VM"/>
    <property name="file.encoding.pkg" value="sun.io"/>
    <property name="user.country" value="US"/>
    <property name="sun.java.launcher" value="SUN_STANDARD"/>
    <property name="sun.os.patch.level" value="unknown"/>
    <property name="java.vm.specification.name" value="Java Virtual Machine Specification"/>
    <property name="user.dir" value="/Users/marschall/Documents/workspace/pharo-build"/>
    <property name="java.runtime.version" value="1.6.0_20-b02-279-10M3065"/>
    <property name="java.awt.graphicsenv" value="apple.awt.CGraphicsEnvironment"/>
    <property name="basedir" value="/Users/marschall/Documents/workspace/pharo-build"/>
    <property name="java.endorsed.dirs" value="/System/Library/Frameworks/JavaVM.framework/Versions/1.6.0/Home/lib/endorsed"/>
    <property name="os.arch" value="x86_64"/>
    <property name="surefire.real.class.path" value="/var/folders/qV/qVvG4NfMGQOx8Z3TyanLfU+++TI/-Tmp-/surefirebooter478883836225485613.jar"/>
    <property name="hudson.udp" value="33849"/>
    <property name="java.io.tmpdir" value="/var/folders/qV/qVvG4NfMGQOx8Z3TyanLfU+++TI/-Tmp-/"/>
    <property name="line.separator" value="
"/>
    <property name="java.vm.specification.vendor" value="Sun Microsystems Inc."/>
    <property name="os.name" value="Mac OS X"/>
    <property name="sun.jnu.encoding" value="MacRoman"/>
    <property name="java.library.path" value=".:/Library/Java/Extensions:/System/Library/Java/Extensions:/usr/lib/java"/>
    <property name="surefire.test.class.path" value="/Users/marschall/Documents/workspace/pharo-build/target/test-classes:/Users/marschall/Documents/workspace/pharo-build/target/generated-classes/cobertura:/Users/marschall/.m2/repository/org/jvnet/hudson/main/hudson-core/1.361/hudson-core-1.361.jar:/Users/marschall/.m2/repository/org/jvnet/hudson/main/remoting/1.361/remoting-1.361.jar:/Users/marschall/.m2/repository/org/jvnet/hudson/main/cli/1.361/cli-1.361.jar:/Users/marschall/.m2/repository/org/jvnet/localizer/localizer/1.10/localizer-1.10.jar:/Users/marschall/.m2/repository/org/jvnet/hudson/crypto-util/1.0/crypto-util-1.0.jar:/Users/marschall/.m2/repository/commons-io/commons-io/1.4/commons-io-1.4.jar:/Users/marschall/.m2/repository/org/jvnet/hudson/jtidy/4aug2000r7-dev-hudson-1/jtidy-4aug2000r7-dev-hudson-1.jar:/Users/marschall/.m2/repository/org/jruby/ext/posix/jna-posix/1.0.3/jna-posix-1.0.3.jar:/Users/marschall/.m2/repository/org/kohsuke/trilead-putty-extension/1.0/trilead-putty-extension-1.0.jar:/Users/marschall/.m2/repository/org/jvnet/hudson/trilead-ssh2/build212-hudson-5/trilead-ssh2-build212-hudson-5.jar:/Users/marschall/.m2/repository/org/kohsuke/stapler/stapler-jelly/1.142/stapler-jelly-1.142.jar:/Users/marschall/.m2/repository/org/kohsuke/stapler/stapler/1.142/stapler-1.142.jar:/Users/marschall/.m2/repository/commons-discovery/commons-discovery/0.4/commons-discovery-0.4.jar:/Users/marschall/.m2/repository/commons-logging/commons-logging/1.1/commons-logging-1.1.jar:/Users/marschall/.m2/repository/commons-beanutils/commons-beanutils/1.8.0/commons-beanutils-1.8.0.jar:/Users/marschall/.m2/repository/org/kohsuke/stapler/json-lib/2.1-rev6/json-lib-2.1-rev6.jar:/Users/marschall/.m2/repository/commons-collections/commons-collections/3.2/commons-collections-3.2.jar:/Users/marschall/.m2/repository/commons-lang/commons-lang/2.4/commons-lang-2.4.jar:/Users/marschall/.m2/repository/net/sf/ezmorph/ezmorph/1.0.3/ezmorph-1.0.3.jar:/Users/marschall/.m2/repository/org/jvnet/tiger-types/1.3/tiger-types-1.3.jar:/Users/marschall/.m2/repository/com/google/collections/google-collections/1.0/google-collections-1.0.jar:/Users/marschall/.m2/repository/commons-fileupload/commons-fileupload/1.2.1/commons-fileupload-1.2.1.jar:/Users/marschall/.m2/repository/junit/junit/4.3.1/junit-4.3.1.jar:/Users/marschall/.m2/repository/org/jvnet/hudson/commons-jelly/1.1-hudson-20100305/commons-jelly-1.1-hudson-20100305.jar:/Users/marschall/.m2/repository/org/jvnet/hudson/commons-jexl/1.1-hudson-20090508/commons-jexl-1.1-hudson-20090508.jar:/Users/marschall/.m2/repository/org/jvnet/hudson/dom4j/dom4j/1.6.1-hudson-3/dom4j-1.6.1-hudson-3.jar:/Users/marschall/.m2/repository/org/kohsuke/stapler/stapler-adjunct-timeline/1.1/stapler-adjunct-timeline-1.1.jar:/Users/marschall/.m2/repository/args4j/args4j/2.0.16/args4j-2.0.16.jar:/Users/marschall/.m2/repository/org/jvnet/hudson/annotation-indexer/1.2/annotation-indexer-1.2.jar:/Users/marschall/.m2/repository/org/jvnet/hudson/task-reactor/1.2/task-reactor-1.2.jar:/Users/marschall/.m2/repository/org/kohsuke/graph-layouter/1.0/graph-layouter-1.0.jar:/Users/marschall/.m2/repository/antlr/antlr/2.7.6/antlr-2.7.6.jar:/Users/marschall/.m2/repository/org/jvnet/hudson/xstream/1.3.1-hudson-7/xstream-1.3.1-hudson-7.jar:/Users/marschall/.m2/repository/xpp3/xpp3_min/1.1.4c/xpp3_min-1.1.4c.jar:/Users/marschall/.m2/repository/jfree/jfreechart/1.0.9/jfreechart-1.0.9.jar:/Users/marschall/.m2/repository/jfree/jcommon/1.0.12/jcommon-1.0.12.jar:/Users/marschall/.m2/repository/org/apache/ant/ant-junit/1.7.0/ant-junit-1.7.0.jar:/Users/marschall/.m2/repository/org/apache/ant/ant/1.7.0/ant-1.7.0.jar:/Users/marschall/.m2/repository/org/apache/ant/ant-launcher/1.7.0/ant-launcher-1.7.0.jar:/Users/marschall/.m2/repository/commons-digester/commons-digester/1.7/commons-digester-1.7.jar:/Users/marschall/.m2/repository/javax/mail/mail/1.4/mail-1.4.jar:/Users/marschall/.m2/repository/org/jvnet/hudson/activation/1.1.1-hudson-1/activation-1.1.1-hudson-1.jar:/Users/marschall/.m2/repository/jaxen/jaxen/1.1-beta-11/jaxen-1.1-beta-11.jar:/Users/marschall/.m2/repository/commons-jelly/commons-jelly-tags-fmt/1.0/commons-jelly-tags-fmt-1.0.jar:/Users/marschall/.m2/repository/commons-jelly/commons-jelly-tags-xml/1.1/commons-jelly-tags-xml-1.1.jar:/Users/marschall/.m2/repository/org/jvnet/hudson/commons-jelly-tags-define/1.0.1-hudson-20071021/commons-jelly-tags-define-1.0.1-hudson-20071021.jar:/Users/marschall/.m2/repository/org/acegisecurity/acegi-security/1.0.5/acegi-security-1.0.5.jar:/Users/marschall/.m2/repository/org/springframework/spring-core/2.5/spring-core-2.5.jar:/Users/marschall/.m2/repository/org/springframework/spring-jdbc/1.2.9/spring-jdbc-1.2.9.jar:/Users/marschall/.m2/repository/org/springframework/spring-beans/2.5/spring-beans-2.5.jar:/Users/marschall/.m2/repository/org/springframework/spring-dao/1.2.9/spring-dao-1.2.9.jar:/Users/marschall/.m2/repository/org/springframework/spring-context/2.5/spring-context-2.5.jar:/Users/marschall/.m2/repository/commons-codec/commons-codec/1.4/commons-codec-1.4.jar:/Users/marschall/.m2/repository/oro/oro/2.0.8/oro-2.0.8.jar:/Users/marschall/.m2/repository/log4j/log4j/1.2.9/log4j-1.2.9.jar:/Users/marschall/.m2/repository/org/codehaus/groovy/groovy-all/1.6.0/groovy-all-1.6.0.jar:/Users/marschall/.m2/repository/jline/jline/0.9.94/jline-0.9.94.jar:/Users/marschall/.m2/repository/org/springframework/spring-web/2.5/spring-web-2.5.jar:/Users/marschall/.m2/repository/aopalliance/aopalliance/1.0/aopalliance-1.0.jar:/Users/marschall/.m2/repository/org/springframework/spring-aop/2.5/spring-aop-2.5.jar:/Users/marschall/.m2/repository/xpp3/xpp3/1.1.4c/xpp3-1.1.4c.jar:/Users/marschall/.m2/repository/javax/servlet/jstl/1.1.0/jstl-1.1.0.jar:/Users/marschall/.m2/repository/logkit/logkit/1.0.1/logkit-1.0.1.jar:/Users/marschall/.m2/repository/avalon-framework/avalon-framework/4.1.3/avalon-framework-4.1.3.jar:/Users/marschall/.m2/repository/javax/servlet/servlet-api/2.4/servlet-api-2.4.jar:/Users/marschall/.m2/repository/com/sun/xml/txw2/txw2/20070624/txw2-20070624.jar:/Users/marschall/.m2/repository/org/jvnet/winp/winp/1.14/winp-1.14.jar:/Users/marschall/.m2/repository/org/jvnet/hudson/memory-monitor/1.2/memory-monitor-1.2.jar:/Users/marschall/.m2/repository/net/java/dev/jna/jna/3.2.4/jna-3.2.4.jar:/Users/marschall/.m2/repository/com/octo/captcha/jcaptcha-all/1.0-RC6/jcaptcha-all-1.0-RC6.jar:/Users/marschall/.m2/repository/commons-pool/commons-pool/1.3/commons-pool-1.3.jar:/Users/marschall/.m2/repository/org/codehaus/woodstox/wstx-asl/3.2.7/wstx-asl-3.2.7.jar:/Users/marschall/.m2/repository/stax/stax-api/1.0.1/stax-api-1.0.1.jar:/Users/marschall/.m2/repository/org/jvnet/hudson/jmdns/3.1.6-hudson-2/jmdns-3.1.6-hudson-2.jar:/Users/marschall/.m2/repository/com/sun/akuma/akuma/1.2/akuma-1.2.jar:/Users/marschall/.m2/repository/org/jvnet/libpam4j/libpam4j/1.2/libpam4j-1.2.jar:/Users/marschall/.m2/repository/org/jvnet/libzfs/libzfs/0.5/libzfs-0.5.jar:/Users/marschall/.m2/repository/com/sun/solaris/embedded_su4j/1.1/embedded_su4j-1.1.jar:/Users/marschall/.m2/repository/net/java/sezpoz/sezpoz/1.7/sezpoz-1.7.jar:/Users/marschall/.m2/repository/org/jvnet/hudson/jinterop-wmi/1.0/jinterop-wmi-1.0.jar:/Users/marschall/.m2/repository/org/kohsuke/jinterop/jinterop-proxy/1.1/jinterop-proxy-1.1.jar:/Users/marschall/.m2/repository/org/kohsuke/jinterop/j-interop/2.0.5/j-interop-2.0.5.jar:/Users/marschall/.m2/repository/org/kohsuke/jinterop/j-interopdeps/2.0.5/j-interopdeps-2.0.5.jar:/Users/marschall/.m2/repository/org/samba/jcifs/jcifs/1.3.3/jcifs-1.3.3.jar:/Users/marschall/.m2/repository/org/jvnet/robust-http-client/robust-http-client/1.0/robust-http-client-1.0.jar:/Users/marschall/.m2/repository/asm/asm-commons/2.2.3/asm-commons-2.2.3.jar:/Users/marschall/.m2/repository/asm/asm-tree/2.2.3/asm-tree-2.2.3.jar:/Users/marschall/.m2/repository/asm/asm/2.2.3/asm-2.2.3.jar:/Users/marschall/.m2/repository/org/kohsuke/access-modifier-annotation/1.0/access-modifier-annotation-1.0.jar:/Users/marschall/.m2/repository/org/jvnet/hudson/main/hudson-test-harness/1.361/hudson-test-harness-1.361.jar:/Users/marschall/.m2/repository/org/jvnet/hudson/main/hudson-war/1.361/hudson-war-1.361-war-for-test.jar:/Users/marschall/.m2/repository/org/jvnet/hudson/main/maven-plugin/1.361/maven-plugin-1.361.jar:/Users/marschall/.m2/repository/org/jvnet/hudson/main/maven-agent/1.361/maven-agent-1.361.jar:/Users/marschall/.m2/repository/org/jvnet/hudson/main/maven-interceptor/1.361/maven-interceptor-1.361.jar:/Users/marschall/.m2/repository/org/apache/maven/maven-core/2.0.9/maven-core-2.0.9.jar:/Users/marschall/.m2/repository/org/apache/maven/maven-settings/2.0.9/maven-settings-2.0.9.jar:/Users/marschall/.m2/repository/org/apache/maven/maven-model/2.0.9/maven-model-2.0.9.jar:/Users/marschall/.m2/repository/org/codehaus/plexus/plexus-utils/1.5.1/plexus-utils-1.5.1.jar:/Users/marschall/.m2/repository/org/codehaus/plexus/plexus-container-default/1.0-alpha-9-stable-1/plexus-container-default-1.0-alpha-9-stable-1.jar:/Users/marschall/.m2/repository/classworlds/classworlds/1.1/classworlds-1.1.jar:/Users/marschall/.m2/repository/org/apache/maven/wagon/wagon-file/1.0-beta-2/wagon-file-1.0-beta-2.jar:/Users/marschall/.m2/repository/org/apache/maven/wagon/wagon-provider-api/1.0-beta-2/wagon-provider-api-1.0-beta-2.jar:/Users/marschall/.m2/repository/org/apache/maven/maven-plugin-parameter-documenter/2.0.9/maven-plugin-parameter-documenter-2.0.9.jar:/Users/marschall/.m2/repository/slide/slide-webdavlib/2.1/slide-webdavlib-2.1.jar:/Users/marschall/.m2/repository/commons-httpclient/commons-httpclient/3.1/commons-httpclient-3.1.jar:/Users/marschall/.m2/repository/de/zeigermann/xml/xml-im-exporter/1.1/xml-im-exporter-1.1.jar:/Users/marschall/.m2/repository/org/apache/maven/wagon/wagon-http-lightweight/1.0-beta-2/wagon-http-lightweight-1.0-beta-2.jar:/Users/marschall/.m2/repository/org/apache/maven/wagon/wagon-http-shared/1.0-beta-2/wagon-http-shared-1.0-beta-2.jar:/Users/marschall/.m2/repository/org/apache/maven/reporting/maven-reporting-api/2.0.9/maven-reporting-api-2.0.9.jar:/Users/marschall/.m2/repository/org/apache/maven/doxia/doxia-sink-api/1.0-alpha-10/doxia-sink-api-1.0-alpha-10.jar:/Users/marschall/.m2/repository/org/apache/maven/maven-profile/2.0.9/maven-profile-2.0.9.jar:/Users/marschall/.m2/repository/org/apache/maven/maven-artifact/2.0.9/maven-artifact-2.0.9.jar:/Users/marschall/.m2/repository/org/apache/maven/maven-repository-metadata/2.0.9/maven-repository-metadata-2.0.9.jar:/Users/marschall/.m2/repository/org/apache/maven/maven-error-diagnostics/2.0.9/maven-error-diagnostics-2.0.9.jar:/Users/marschall/.m2/repository/org/apache/maven/maven-project/2.0.9/maven-project-2.0.9.jar:/Users/marschall/.m2/repository/org/apache/maven/maven-artifact-manager/2.0.9/maven-artifact-manager-2.0.9.jar:/Users/marschall/.m2/repository/org/apache/maven/maven-plugin-registry/2.0.9/maven-plugin-registry-2.0.9.jar:/Users/marschall/.m2/repository/org/apache/maven/maven-plugin-api/2.0.9/maven-plugin-api-2.0.9.jar:/Users/marschall/.m2/repository/org/apache/maven/wagon/wagon-ssh-external/1.0-beta-2/wagon-ssh-external-1.0-beta-2.jar:/Users/marschall/.m2/repository/org/apache/maven/wagon/wagon-ssh-common/1.0-beta-2/wagon-ssh-common-1.0-beta-2.jar:/Users/marschall/.m2/repository/org/codehaus/plexus/plexus-interactivity-api/1.0-alpha-4/plexus-interactivity-api-1.0-alpha-4.jar:/Users/marschall/.m2/repository/org/apache/maven/maven-plugin-descriptor/2.0.9/maven-plugin-descriptor-2.0.9.jar:/Users/marschall/.m2/repository/org/apache/maven/maven-monitor/2.0.9/maven-monitor-2.0.9.jar:/Users/marschall/.m2/repository/org/apache/maven/wagon/wagon-ssh/1.0-beta-2/wagon-ssh-1.0-beta-2.jar:/Users/marschall/.m2/repository/com/jcraft/jsch/0.1.27/jsch-0.1.27.jar:/Users/marschall/.m2/repository/org/jvnet/hudson/maven2.1-interceptor/1.2/maven2.1-interceptor-1.2.jar:/Users/marschall/.m2/repository/org/jvnet/hudson/maven-embedder/2.0.4-hudson-1/maven-embedder-2.0.4-hudson-1.jar:/Users/marschall/.m2/repository/org/apache/maven/maven-embedder/2.0.4/maven-embedder-2.0.4.jar:/Users/marschall/.m2/repository/org/jvnet/hudson/wagon-webdav/1.0-beta-2-hudson-1/wagon-webdav-1.0-beta-2-hudson-1.jar:/Users/marschall/.m2/repository/org/jvnet/hudson/plugins/subversion/1.11/subversion-1.11.jar:/Users/marschall/.m2/repository/org/jvnet/hudson/svnkit/svnkit/1.3.0-hudson-4/svnkit-1.3.0-hudson-4.jar:/Users/marschall/.m2/repository/org/mortbay/jetty/jetty/6.1.11/jetty-6.1.11.jar:/Users/marschall/.m2/repository/org/mortbay/jetty/jetty-util/6.1.11/jetty-util-6.1.11.jar:/Users/marschall/.m2/repository/org/mortbay/jetty/servlet-api-2.5/6.1.11/servlet-api-2.5-6.1.11.jar:/Users/marschall/.m2/repository/org/jvnet/mock-javamail/mock-javamail/1.7/mock-javamail-1.7.jar:/Users/marschall/.m2/repository/org/jvnet/hudson/htmlunit/2.6-hudson-2/htmlunit-2.6-hudson-2.jar:/Users/marschall/.m2/repository/xalan/xalan/2.7.1/xalan-2.7.1.jar:/Users/marschall/.m2/repository/xalan/serializer/2.7.1/serializer-2.7.1.jar:/Users/marschall/.m2/repository/org/jvnet/hudson/htmlunit-core-js/2.6-hudson-1/htmlunit-core-js-2.6-hudson-1.jar:/Users/marschall/.m2/repository/xerces/xercesImpl/2.9.1/xercesImpl-2.9.1.jar:/Users/marschall/.m2/repository/net/sourceforge/nekohtml/nekohtml/1.9.13/nekohtml-1.9.13.jar:/Users/marschall/.m2/repository/net/sourceforge/cssparser/cssparser/0.9.5/cssparser-0.9.5.jar:/Users/marschall/.m2/repository/org/w3c/css/sac/1.3/sac-1.3.jar:/Users/marschall/.m2/repository/org/jvnet/hudson/embedded-rhino-debugger/1.2/embedded-rhino-debugger-1.2.jar:/Users/marschall/.m2/repository/org/jvnet/hudson/netx/0.5-hudson-2/netx-0.5-hudson-2.jar:/Users/marschall/.m2/repository/org/easymock/easymock/2.4/easymock-2.4.jar:/Users/marschall/.m2/repository/org/jvnet/hudson/main/ui-samples-plugin/1.361/ui-samples-plugin-1.361.jar:/Users/marschall/.m2/repository/net/sourceforge/cobertura/cobertura/1.9.4.1/cobertura-1.9.4.1.jar:"/>
    <property name="java.specification.name" value="Java Platform API Specification"/>
    <property name="java.class.version" value="50.0"/>
    <property name="sun.management.compiler" value="HotSpot 64-Bit Server Compiler"/>
    <property name="os.version" value="10.6.3"/>
    <property name="http.nonProxyHosts" value="local|*.local|169.254/16|*.169.254/16"/>
    <property name="user.home" value="/Users/marschall"/>
    <property name="user.timezone" value="Europe/Zurich"/>
    <property name="java.awt.printerjob" value="apple.awt.CPrinterJob"/>
    <property name="org.mortbay.jetty.Request.maxFormContentSize" value="-1"/>
    <property name="java.specification.version" value="1.6"/>
    <property name="file.encoding" value="MacRoman"/>
    <property name="user.name" value="marschall"/>
    <property name="java.class.path" value="/Users/marschall/Documents/workspace/pharo-build/target/test-classes:/Users/marschall/Documents/workspace/pharo-build/target/generated-classes/cobertura:/Users/marschall/.m2/repository/org/jvnet/hudson/main/hudson-core/1.361/hudson-core-1.361.jar:/Users/marschall/.m2/repository/org/jvnet/hudson/main/remoting/1.361/remoting-1.361.jar:/Users/marschall/.m2/repository/org/jvnet/hudson/main/cli/1.361/cli-1.361.jar:/Users/marschall/.m2/repository/org/jvnet/localizer/localizer/1.10/localizer-1.10.jar:/Users/marschall/.m2/repository/org/jvnet/hudson/crypto-util/1.0/crypto-util-1.0.jar:/Users/marschall/.m2/repository/commons-io/commons-io/1.4/commons-io-1.4.jar:/Users/marschall/.m2/repository/org/jvnet/hudson/jtidy/4aug2000r7-dev-hudson-1/jtidy-4aug2000r7-dev-hudson-1.jar:/Users/marschall/.m2/repository/org/jruby/ext/posix/jna-posix/1.0.3/jna-posix-1.0.3.jar:/Users/marschall/.m2/repository/org/kohsuke/trilead-putty-extension/1.0/trilead-putty-extension-1.0.jar:/Users/marschall/.m2/repository/org/jvnet/hudson/trilead-ssh2/build212-hudson-5/trilead-ssh2-build212-hudson-5.jar:/Users/marschall/.m2/repository/org/kohsuke/stapler/stapler-jelly/1.142/stapler-jelly-1.142.jar:/Users/marschall/.m2/repository/org/kohsuke/stapler/stapler/1.142/stapler-1.142.jar:/Users/marschall/.m2/repository/commons-discovery/commons-discovery/0.4/commons-discovery-0.4.jar:/Users/marschall/.m2/repository/commons-logging/commons-logging/1.1/commons-logging-1.1.jar:/Users/marschall/.m2/repository/commons-beanutils/commons-beanutils/1.8.0/commons-beanutils-1.8.0.jar:/Users/marschall/.m2/repository/org/kohsuke/stapler/json-lib/2.1-rev6/json-lib-2.1-rev6.jar:/Users/marschall/.m2/repository/commons-collections/commons-collections/3.2/commons-collections-3.2.jar:/Users/marschall/.m2/repository/commons-lang/commons-lang/2.4/commons-lang-2.4.jar:/Users/marschall/.m2/repository/net/sf/ezmorph/ezmorph/1.0.3/ezmorph-1.0.3.jar:/Users/marschall/.m2/repository/org/jvnet/tiger-types/1.3/tiger-types-1.3.jar:/Users/marschall/.m2/repository/com/google/collections/google-collections/1.0/google-collections-1.0.jar:/Users/marschall/.m2/repository/commons-fileupload/commons-fileupload/1.2.1/commons-fileupload-1.2.1.jar:/Users/marschall/.m2/repository/junit/junit/4.3.1/junit-4.3.1.jar:/Users/marschall/.m2/repository/org/jvnet/hudson/commons-jelly/1.1-hudson-20100305/commons-jelly-1.1-hudson-20100305.jar:/Users/marschall/.m2/repository/org/jvnet/hudson/commons-jexl/1.1-hudson-20090508/commons-jexl-1.1-hudson-20090508.jar:/Users/marschall/.m2/repository/org/jvnet/hudson/dom4j/dom4j/1.6.1-hudson-3/dom4j-1.6.1-hudson-3.jar:/Users/marschall/.m2/repository/org/kohsuke/stapler/stapler-adjunct-timeline/1.1/stapler-adjunct-timeline-1.1.jar:/Users/marschall/.m2/repository/args4j/args4j/2.0.16/args4j-2.0.16.jar:/Users/marschall/.m2/repository/org/jvnet/hudson/annotation-indexer/1.2/annotation-indexer-1.2.jar:/Users/marschall/.m2/repository/org/jvnet/hudson/task-reactor/1.2/task-reactor-1.2.jar:/Users/marschall/.m2/repository/org/kohsuke/graph-layouter/1.0/graph-layouter-1.0.jar:/Users/marschall/.m2/repository/antlr/antlr/2.7.6/antlr-2.7.6.jar:/Users/marschall/.m2/repository/org/jvnet/hudson/xstream/1.3.1-hudson-7/xstream-1.3.1-hudson-7.jar:/Users/marschall/.m2/repository/xpp3/xpp3_min/1.1.4c/xpp3_min-1.1.4c.jar:/Users/marschall/.m2/repository/jfree/jfreechart/1.0.9/jfreechart-1.0.9.jar:/Users/marschall/.m2/repository/jfree/jcommon/1.0.12/jcommon-1.0.12.jar:/Users/marschall/.m2/repository/org/apache/ant/ant-junit/1.7.0/ant-junit-1.7.0.jar:/Users/marschall/.m2/repository/org/apache/ant/ant/1.7.0/ant-1.7.0.jar:/Users/marschall/.m2/repository/org/apache/ant/ant-launcher/1.7.0/ant-launcher-1.7.0.jar:/Users/marschall/.m2/repository/commons-digester/commons-digester/1.7/commons-digester-1.7.jar:/Users/marschall/.m2/repository/javax/mail/mail/1.4/mail-1.4.jar:/Users/marschall/.m2/repository/org/jvnet/hudson/activation/1.1.1-hudson-1/activation-1.1.1-hudson-1.jar:/Users/marschall/.m2/repository/jaxen/jaxen/1.1-beta-11/jaxen-1.1-beta-11.jar:/Users/marschall/.m2/repository/commons-jelly/commons-jelly-tags-fmt/1.0/commons-jelly-tags-fmt-1.0.jar:/Users/marschall/.m2/repository/commons-jelly/commons-jelly-tags-xml/1.1/commons-jelly-tags-xml-1.1.jar:/Users/marschall/.m2/repository/org/jvnet/hudson/commons-jelly-tags-define/1.0.1-hudson-20071021/commons-jelly-tags-define-1.0.1-hudson-20071021.jar:/Users/marschall/.m2/repository/org/acegisecurity/acegi-security/1.0.5/acegi-security-1.0.5.jar:/Users/marschall/.m2/repository/org/springframework/spring-core/2.5/spring-core-2.5.jar:/Users/marschall/.m2/repository/org/springframework/spring-jdbc/1.2.9/spring-jdbc-1.2.9.jar:/Users/marschall/.m2/repository/org/springframework/spring-beans/2.5/spring-beans-2.5.jar:/Users/marschall/.m2/repository/org/springframework/spring-dao/1.2.9/spring-dao-1.2.9.jar:/Users/marschall/.m2/repository/org/springframework/spring-context/2.5/spring-context-2.5.jar:/Users/marschall/.m2/repository/commons-codec/commons-codec/1.4/commons-codec-1.4.jar:/Users/marschall/.m2/repository/oro/oro/2.0.8/oro-2.0.8.jar:/Users/marschall/.m2/repository/log4j/log4j/1.2.9/log4j-1.2.9.jar:/Users/marschall/.m2/repository/org/codehaus/groovy/groovy-all/1.6.0/groovy-all-1.6.0.jar:/Users/marschall/.m2/repository/jline/jline/0.9.94/jline-0.9.94.jar:/Users/marschall/.m2/repository/org/springframework/spring-web/2.5/spring-web-2.5.jar:/Users/marschall/.m2/repository/aopalliance/aopalliance/1.0/aopalliance-1.0.jar:/Users/marschall/.m2/repository/org/springframework/spring-aop/2.5/spring-aop-2.5.jar:/Users/marschall/.m2/repository/xpp3/xpp3/1.1.4c/xpp3-1.1.4c.jar:/Users/marschall/.m2/repository/javax/servlet/jstl/1.1.0/jstl-1.1.0.jar:/Users/marschall/.m2/repository/logkit/logkit/1.0.1/logkit-1.0.1.jar:/Users/marschall/.m2/repository/avalon-framework/avalon-framework/4.1.3/avalon-framework-4.1.3.jar:/Users/marschall/.m2/repository/javax/servlet/servlet-api/2.4/servlet-api-2.4.jar:/Users/marschall/.m2/repository/com/sun/xml/txw2/txw2/20070624/txw2-20070624.jar:/Users/marschall/.m2/repository/org/jvnet/winp/winp/1.14/winp-1.14.jar:/Users/marschall/.m2/repository/org/jvnet/hudson/memory-monitor/1.2/memory-monitor-1.2.jar:/Users/marschall/.m2/repository/net/java/dev/jna/jna/3.2.4/jna-3.2.4.jar:/Users/marschall/.m2/repository/com/octo/captcha/jcaptcha-all/1.0-RC6/jcaptcha-all-1.0-RC6.jar:/Users/marschall/.m2/repository/commons-pool/commons-pool/1.3/commons-pool-1.3.jar:/Users/marschall/.m2/repository/org/codehaus/woodstox/wstx-asl/3.2.7/wstx-asl-3.2.7.jar:/Users/marschall/.m2/repository/stax/stax-api/1.0.1/stax-api-1.0.1.jar:/Users/marschall/.m2/repository/org/jvnet/hudson/jmdns/3.1.6-hudson-2/jmdns-3.1.6-hudson-2.jar:/Users/marschall/.m2/repository/com/sun/akuma/akuma/1.2/akuma-1.2.jar:/Users/marschall/.m2/repository/org/jvnet/libpam4j/libpam4j/1.2/libpam4j-1.2.jar:/Users/marschall/.m2/repository/org/jvnet/libzfs/libzfs/0.5/libzfs-0.5.jar:/Users/marschall/.m2/repository/com/sun/solaris/embedded_su4j/1.1/embedded_su4j-1.1.jar:/Users/marschall/.m2/repository/net/java/sezpoz/sezpoz/1.7/sezpoz-1.7.jar:/Users/marschall/.m2/repository/org/jvnet/hudson/jinterop-wmi/1.0/jinterop-wmi-1.0.jar:/Users/marschall/.m2/repository/org/kohsuke/jinterop/jinterop-proxy/1.1/jinterop-proxy-1.1.jar:/Users/marschall/.m2/repository/org/kohsuke/jinterop/j-interop/2.0.5/j-interop-2.0.5.jar:/Users/marschall/.m2/repository/org/kohsuke/jinterop/j-interopdeps/2.0.5/j-interopdeps-2.0.5.jar:/Users/marschall/.m2/repository/org/samba/jcifs/jcifs/1.3.3/jcifs-1.3.3.jar:/Users/marschall/.m2/repository/org/jvnet/robust-http-client/robust-http-client/1.0/robust-http-client-1.0.jar:/Users/marschall/.m2/repository/asm/asm-commons/2.2.3/asm-commons-2.2.3.jar:/Users/marschall/.m2/repository/asm/asm-tree/2.2.3/asm-tree-2.2.3.jar:/Users/marschall/.m2/repository/asm/asm/2.2.3/asm-2.2.3.jar:/Users/marschall/.m2/repository/org/kohsuke/access-modifier-annotation/1.0/access-modifier-annotation-1.0.jar:/Users/marschall/.m2/repository/org/jvnet/hudson/main/hudson-test-harness/1.361/hudson-test-harness-1.361.jar:/Users/marschall/.m2/repository/org/jvnet/hudson/main/hudson-war/1.361/hudson-war-1.361-war-for-test.jar:/Users/marschall/.m2/repository/org/jvnet/hudson/main/maven-plugin/1.361/maven-plugin-1.361.jar:/Users/marschall/.m2/repository/org/jvnet/hudson/main/maven-agent/1.361/maven-agent-1.361.jar:/Users/marschall/.m2/repository/org/jvnet/hudson/main/maven-interceptor/1.361/maven-interceptor-1.361.jar:/Users/marschall/.m2/repository/org/apache/maven/maven-core/2.0.9/maven-core-2.0.9.jar:/Users/marschall/.m2/repository/org/apache/maven/maven-settings/2.0.9/maven-settings-2.0.9.jar:/Users/marschall/.m2/repository/org/apache/maven/maven-model/2.0.9/maven-model-2.0.9.jar:/Users/marschall/.m2/repository/org/codehaus/plexus/plexus-utils/1.5.1/plexus-utils-1.5.1.jar:/Users/marschall/.m2/repository/org/codehaus/plexus/plexus-container-default/1.0-alpha-9-stable-1/plexus-container-default-1.0-alpha-9-stable-1.jar:/Users/marschall/.m2/repository/classworlds/classworlds/1.1/classworlds-1.1.jar:/Users/marschall/.m2/repository/org/apache/maven/wagon/wagon-file/1.0-beta-2/wagon-file-1.0-beta-2.jar:/Users/marschall/.m2/repository/org/apache/maven/wagon/wagon-provider-api/1.0-beta-2/wagon-provider-api-1.0-beta-2.jar:/Users/marschall/.m2/repository/org/apache/maven/maven-plugin-parameter-documenter/2.0.9/maven-plugin-parameter-documenter-2.0.9.jar:/Users/marschall/.m2/repository/slide/slide-webdavlib/2.1/slide-webdavlib-2.1.jar:/Users/marschall/.m2/repository/commons-httpclient/commons-httpclient/3.1/commons-httpclient-3.1.jar:/Users/marschall/.m2/repository/de/zeigermann/xml/xml-im-exporter/1.1/xml-im-exporter-1.1.jar:/Users/marschall/.m2/repository/org/apache/maven/wagon/wagon-http-lightweight/1.0-beta-2/wagon-http-lightweight-1.0-beta-2.jar:/Users/marschall/.m2/repository/org/apache/maven/wagon/wagon-http-shared/1.0-beta-2/wagon-http-shared-1.0-beta-2.jar:/Users/marschall/.m2/repository/org/apache/maven/reporting/maven-reporting-api/2.0.9/maven-reporting-api-2.0.9.jar:/Users/marschall/.m2/repository/org/apache/maven/doxia/doxia-sink-api/1.0-alpha-10/doxia-sink-api-1.0-alpha-10.jar:/Users/marschall/.m2/repository/org/apache/maven/maven-profile/2.0.9/maven-profile-2.0.9.jar:/Users/marschall/.m2/repository/org/apache/maven/maven-artifact/2.0.9/maven-artifact-2.0.9.jar:/Users/marschall/.m2/repository/org/apache/maven/maven-repository-metadata/2.0.9/maven-repository-metadata-2.0.9.jar:/Users/marschall/.m2/repository/org/apache/maven/maven-error-diagnostics/2.0.9/maven-error-diagnostics-2.0.9.jar:/Users/marschall/.m2/repository/org/apache/maven/maven-project/2.0.9/maven-project-2.0.9.jar:/Users/marschall/.m2/repository/org/apache/maven/maven-artifact-manager/2.0.9/maven-artifact-manager-2.0.9.jar:/Users/marschall/.m2/repository/org/apache/maven/maven-plugin-registry/2.0.9/maven-plugin-registry-2.0.9.jar:/Users/marschall/.m2/repository/org/apache/maven/maven-plugin-api/2.0.9/maven-plugin-api-2.0.9.jar:/Users/marschall/.m2/repository/org/apache/maven/wagon/wagon-ssh-external/1.0-beta-2/wagon-ssh-external-1.0-beta-2.jar:/Users/marschall/.m2/repository/org/apache/maven/wagon/wagon-ssh-common/1.0-beta-2/wagon-ssh-common-1.0-beta-2.jar:/Users/marschall/.m2/repository/org/codehaus/plexus/plexus-interactivity-api/1.0-alpha-4/plexus-interactivity-api-1.0-alpha-4.jar:/Users/marschall/.m2/repository/org/apache/maven/maven-plugin-descriptor/2.0.9/maven-plugin-descriptor-2.0.9.jar:/Users/marschall/.m2/repository/org/apache/maven/maven-monitor/2.0.9/maven-monitor-2.0.9.jar:/Users/marschall/.m2/repository/org/apache/maven/wagon/wagon-ssh/1.0-beta-2/wagon-ssh-1.0-beta-2.jar:/Users/marschall/.m2/repository/com/jcraft/jsch/0.1.27/jsch-0.1.27.jar:/Users/marschall/.m2/repository/org/jvnet/hudson/maven2.1-interceptor/1.2/maven2.1-interceptor-1.2.jar:/Users/marschall/.m2/repository/org/jvnet/hudson/maven-embedder/2.0.4-hudson-1/maven-embedder-2.0.4-hudson-1.jar:/Users/marschall/.m2/repository/org/apache/maven/maven-embedder/2.0.4/maven-embedder-2.0.4.jar:/Users/marschall/.m2/repository/org/jvnet/hudson/wagon-webdav/1.0-beta-2-hudson-1/wagon-webdav-1.0-beta-2-hudson-1.jar:/Users/marschall/.m2/repository/org/jvnet/hudson/plugins/subversion/1.11/subversion-1.11.jar:/Users/marschall/.m2/repository/org/jvnet/hudson/svnkit/svnkit/1.3.0-hudson-4/svnkit-1.3.0-hudson-4.jar:/Users/marschall/.m2/repository/org/mortbay/jetty/jetty/6.1.11/jetty-6.1.11.jar:/Users/marschall/.m2/repository/org/mortbay/jetty/jetty-util/6.1.11/jetty-util-6.1.11.jar:/Users/marschall/.m2/repository/org/mortbay/jetty/servlet-api-2.5/6.1.11/servlet-api-2.5-6.1.11.jar:/Users/marschall/.m2/repository/org/jvnet/mock-javamail/mock-javamail/1.7/mock-javamail-1.7.jar:/Users/marschall/.m2/repository/org/jvnet/hudson/htmlunit/2.6-hudson-2/htmlunit-2.6-hudson-2.jar:/Users/marschall/.m2/repository/xalan/xalan/2.7.1/xalan-2.7.1.jar:/Users/marschall/.m2/repository/xalan/serializer/2.7.1/serializer-2.7.1.jar:/Users/marschall/.m2/repository/org/jvnet/hudson/htmlunit-core-js/2.6-hudson-1/htmlunit-core-js-2.6-hudson-1.jar:/Users/marschall/.m2/repository/xerces/xercesImpl/2.9.1/xercesImpl-2.9.1.jar:/Users/marschall/.m2/repository/net/sourceforge/nekohtml/nekohtml/1.9.13/nekohtml-1.9.13.jar:/Users/marschall/.m2/repository/net/sourceforge/cssparser/cssparser/0.9.5/cssparser-0.9.5.jar:/Users/marschall/.m2/repository/org/w3c/css/sac/1.3/sac-1.3.jar:/Users/marschall/.m2/repository/org/jvnet/hudson/embedded-rhino-debugger/1.2/embedded-rhino-debugger-1.2.jar:/Users/marschall/.m2/repository/org/jvnet/hudson/netx/0.5-hudson-2/netx-0.5-hudson-2.jar:/Users/marschall/.m2/repository/org/easymock/easymock/2.4/easymock-2.4.jar:/Users/marschall/.m2/repository/org/jvnet/hudson/main/ui-samples-plugin/1.361/ui-samples-plugin-1.361.jar:/Users/marschall/.m2/repository/net/sourceforge/cobertura/cobertura/1.9.4.1/cobertura-1.9.4.1.jar:"/>
    <property name="java.vm.specification.version" value="1.0"/>
    <property name="sun.arch.data.model" value="64"/>
    <property name="java.home" value="/System/Library/Frameworks/JavaVM.framework/Versions/1.6.0/Home"/>
    <property name="svnkit.ssh2.persistent" value="false"/>
    <property name="java.specification.vendor" value="Sun Microsystems Inc."/>
    <property name="user.language" value="en"/>
    <property name="awt.toolkit" value="apple.awt.CToolkit"/>
    <property name="java.vm.info" value="mixed mode"/>
    <property name="java.version" value="1.6.0_20"/>
    <property name="java.ext.dirs" value="/Library/Java/Extensions:/System/Library/Java/Extensions:/System/Library/Frameworks/JavaVM.framework/Versions/1.6.0/Home/lib/ext"/>
    <property name="sun.boot.class.path" value="/System/Library/Frameworks/JavaVM.framework/Versions/1.6.0/Classes/jsfd.jar:/System/Library/Frameworks/JavaVM.framework/Versions/1.6.0/Classes/classes.jar:/System/Library/Frameworks/JavaVM.framework/Frameworks/JavaRuntimeSupport.framework/Resources/Java/JavaRuntimeSupport.jar:/System/Library/Frameworks/JavaVM.framework/Versions/1.6.0/Classes/ui.jar:/System/Library/Frameworks/JavaVM.framework/Versions/1.6.0/Classes/laf.jar:/System/Library/Frameworks/JavaVM.framework/Versions/1.6.0/Classes/sunrsasign.jar:/System/Library/Frameworks/JavaVM.framework/Versions/1.6.0/Classes/jsse.jar:/System/Library/Frameworks/JavaVM.framework/Versions/1.6.0/Classes/jce.jar:/System/Library/Frameworks/JavaVM.framework/Versions/1.6.0/Classes/charsets.jar"/>
    <property name="java.vendor" value="Apple Inc."/>
    <property name="localRepository" value="/Users/marschall/.m2/repository"/>
    <property name="file.separator" value="/"/>
    <property name="java.vendor.url.bug" value="http://bugreport.apple.com/"/>
    <property name="sun.cpu.endian" value="little"/>
    <property name="sun.io.unicode.encoding" value="UnicodeLittle"/>
    <property name="mrj.version" value="1060.1.6.0_20-279"/>
    <property name="socksNonProxyHosts" value="local|*.local|169.254/16|*.169.254/16"/>
    <property name="ftp.nonProxyHosts" value="local|*.local|169.254/16|*.169.254/16"/>
    <property name="sun.cpu.isalist" value=""/>
  </properties>
  <testcase time="0.05" classname="org.jvnet.hudson.test.JellyTestSuiteBuilder$JellyCheck" name="/Users/marschall/Documents/workspace/pharo-build/target/generated-classes/cobertura/index.jelly"/>
  <testcase time="0.413" classname="org.jvnet.hudson.test.JellyTestSuiteBuilder$JellyCheck" name="/Users/marschall/Documents/workspace/pharo-build/target/generated-classes/cobertura/st/seaside/PharoBuilder/config.jelly"/>
  <testcase time="0.136" classname="org.jvnet.hudson.test.JellyTestSuiteBuilder$JellyCheck" name="/Users/marschall/Documents/workspace/pharo-build/target/generated-classes/cobertura/st/seaside/PharoBuilder/global.jelly"/>
  <testcase time="0" classname="org.jvnet.hudson.test.junit.FailedTest" name="org.jvnet.hudson.test.JellyTestSuiteBuilder$JellyTestSuite"/>
</testsuite>